<testsuites id="" name="" tests="0" failures="0" skipped="0" errors="0" time="0.10856400000000002">
</testsuites>